<?xml version="1.0" encoding="UTF-8"?>
<testng-results skipped="0" failed="0" total="1" passed="1">
  <reporter-output>
  </reporter-output>
  <suite name="Default suite" duration-ms="20" started-at="2015-04-24T09:01:38Z" finished-at="2015-04-24T09:01:38Z">
    <groups>
    </groups>
    <test name="Default test" duration-ms="20" started-at="2015-04-24T09:01:38Z" finished-at="2015-04-24T09:01:38Z">
      <class name="testng.suit.Test2">
        <test-method status="PASS" signature="testSalutationMessage()[pri:0, instance:testng.suit.Test2@967e8c]" name="testSalutationMessage" duration-ms="9" started-at="2015-04-24T14:31:38Z" finished-at="2015-04-24T14:31:38Z">
          <reporter-output>
          </reporter-output>
        </test-method> <!-- testSalutationMessage -->
      </class> <!-- testng.suit.Test2 -->
    </test> <!-- Default test -->
  </suite> <!-- Default suite -->
</testng-results>
